/*C10*/SET SCHEMA PUBLIC
DELETE FROM EVENTO WHERE ID=24
COMMIT
DISCONNECT
/*C11*/SET SCHEMA PUBLIC
DISCONNECT
/*C12*/SET SCHEMA PUBLIC
DISCONNECT
/*C13*/SET SCHEMA PUBLIC
DISCONNECT
/*C14*/SET SCHEMA PUBLIC
DISCONNECT
/*C15*/SET SCHEMA PUBLIC
INSERT INTO EVENTO VALUES(25,'2017-09-15 12:00:00.000000','final')
ALTER SEQUENCE PUBLIC.HIBERNATE_SEQUENCE RESTART WITH 26
COMMIT
DISCONNECT
/*C16*/SET SCHEMA PUBLIC
DELETE FROM EVENTO WHERE ID=25
COMMIT
DISCONNECT
/*C17*/SET SCHEMA PUBLIC
INSERT INTO EVENTO VALUES(26,'2017-09-25 12:00:00.000000','final')
ALTER SEQUENCE PUBLIC.HIBERNATE_SEQUENCE RESTART WITH 27
COMMIT
DISCONNECT
